TN:
SF:script/DeployLottery.s.sol
FN:10,DeployLottery.run
FNDA:21,DeployLottery.run
DA:11,21
DA:11,21
DA:11,21
DA:12,21
DA:12,21
DA:22,21
DA:22,21
DA:24,21
DA:24,21
BRDA:24,0,0,-
BRDA:24,0,1,21
DA:26,21
DA:26,21
DA:26,21
DA:27,21
DA:27,21
DA:32,21
DA:32,21
DA:32,21
DA:33,21
DA:33,21
DA:40,21
DA:40,21
DA:41,21
DA:41,21
DA:41,21
DA:51,21
DA:51,21
DA:52,21
DA:52,21
DA:52,21
DA:53,21
DA:53,21
DA:59,21
DA:59,21
FNF:1
FNH:1
LF:14
LH:14
BRF:2
BRH:1
end_of_record
TN:
SF:script/HelperConfig.s.sol
FN:24,HelperConfig.
FNDA:0,HelperConfig.
DA:25,0
DA:25,0
BRDA:25,0,0,-
BRDA:25,0,1,-
DA:26,0
DA:26,0
DA:27,0
DA:27,0
DA:29,0
DA:29,0
FN:32,HelperConfig.getSepoliaNetworkConfig
FNDA:0,HelperConfig.getSepoliaNetworkConfig
DA:37,0
DA:37,0
DA:38,0
DA:38,0
FN:51,HelperConfig.getOrCreateAnvilEthConfig
FNDA:0,HelperConfig.getOrCreateAnvilEthConfig
DA:52,0
DA:52,0
DA:52,0
BRDA:52,1,0,-
BRDA:52,1,1,-
DA:53,0
DA:53,0
DA:56,0
DA:56,0
DA:57,0
DA:57,0
DA:58,0
DA:58,0
DA:58,0
DA:59,0
DA:59,0
DA:60,0
DA:60,0
DA:60,0
DA:64,0
DA:64,0
DA:66,0
DA:66,0
DA:67,0
DA:67,0
FNF:3
FNH:0
LF:16
LH:0
BRF:4
BRH:0
end_of_record
TN:
SF:script/Interactions.s.sol
FN:11,CreateSubscription.createSubscription
FNDA:21,CreateSubscription.createSubscription
DA:15,21
DA:15,21
DA:17,21
DA:17,21
DA:18,21
DA:18,21
DA:18,21
DA:20,21
DA:20,21
DA:21,21
DA:21,21
DA:22,21
DA:22,21
FN:25,CreateSubscription.createSubscriptionFromConfig
FNDA:0,CreateSubscription.createSubscriptionFromConfig
DA:26,0
DA:26,0
DA:26,0
DA:27,0
DA:27,0
DA:27,0
DA:30,0
DA:30,0
DA:30,0
FN:33,CreateSubscription.run
FNDA:0,CreateSubscription.run
DA:35,0
DA:35,0
DA:35,0
FN:42,FundSubscription.fundSubscriptionWithConfig
FNDA:0,FundSubscription.fundSubscriptionWithConfig
DA:43,0
DA:43,0
DA:43,0
DA:44,0
DA:44,0
DA:54,0
DA:54,0
DA:56,0
DA:56,0
FN:59,FundSubscription.fundSubscriptionLocalChainId
FNDA:21,FundSubscription.fundSubscriptionLocalChainId
DA:63,21
DA:63,21
DA:64,21
DA:64,21
DA:68,21
DA:68,21
FN:71,FundSubscription.fundSubscriptionLinkToken
FNDA:0,FundSubscription.fundSubscriptionLinkToken
DA:76,0
DA:76,0
DA:77,0
DA:77,0
DA:82,0
DA:82,0
FN:85,FundSubscription.fundSubscription
FNDA:21,FundSubscription.fundSubscription
DA:90,21
DA:90,21
DA:91,21
DA:91,21
DA:92,21
DA:92,21
DA:93,21
DA:93,21
DA:95,21
DA:95,21
BRDA:95,0,0,21
BRDA:95,0,1,-
DA:96,21
DA:96,21
DA:98,0
DA:98,0
DA:105,21
DA:105,21
FN:108,FundSubscription.run
FNDA:0,FundSubscription.run
DA:109,0
DA:109,0
FN:114,AddConsumer.addConsumerUsingConfig
FNDA:0,AddConsumer.addConsumerUsingConfig
DA:115,0
DA:115,0
DA:115,0
DA:116,0
DA:116,0
DA:126,0
DA:126,0
DA:128,0
DA:128,0
FN:131,AddConsumer.addConsumer
FNDA:21,AddConsumer.addConsumer
DA:136,21
DA:136,21
DA:137,21
DA:137,21
DA:138,21
DA:138,21
DA:139,21
DA:139,21
DA:140,21
DA:140,21
DA:141,21
DA:141,21
DA:145,21
DA:145,21
FN:148,AddConsumer.run
FNDA:0,AddConsumer.run
DA:149,0
DA:149,0
DA:149,0
DA:154,0
DA:154,0
FNF:11
FNH:4
LF:42
LH:23
BRF:2
BRH:1
end_of_record
TN:
SF:src/Lottery.sol
FN:82,Lottery.
FNDA:0,Lottery.
DA:91,0
DA:91,0
DA:92,0
DA:92,0
DA:93,0
DA:93,0
DA:94,0
DA:94,0
DA:95,0
DA:95,0
DA:96,0
DA:96,0
DA:97,0
DA:97,0
DA:98,0
DA:98,0
DA:99,0
DA:99,0
FN:102,Lottery.enterLottery
FNDA:272,Lottery.enterLottery
DA:103,272
DA:103,272
BRDA:103,0,0,1
BRDA:103,0,1,271
DA:104,1
DA:104,1
DA:107,271
DA:107,271
BRDA:107,1,0,2
BRDA:107,1,1,269
DA:108,2
DA:108,2
DA:110,269
DA:110,269
DA:112,269
DA:112,269
FN:124,Lottery.checkUpKeep
FNDA:5,Lottery.checkUpKeep
DA:127,11
DA:127,11
DA:127,11
DA:129,11
DA:129,11
DA:129,11
DA:130,11
DA:130,11
DA:130,11
DA:130,11
DA:131,11
DA:131,11
DA:131,11
DA:132,11
DA:132,11
DA:137,11
DA:137,11
FN:140,Lottery.performUpKeep
FNDA:6,Lottery.performUpKeep
DA:142,6
DA:142,6
DA:142,6
DA:143,6
DA:143,6
BRDA:143,2,0,1
BRDA:143,2,1,5
DA:144,1
DA:144,1
DA:151,5
DA:151,5
DA:153,5
DA:153,5
FN:162,Lottery.fulfillRandomWords
FNDA:1,Lottery.fulfillRandomWords
DA:168,1
DA:168,1
DA:168,1
DA:169,1
DA:169,1
DA:170,1
DA:170,1
DA:171,1
DA:171,1
DA:171,1
DA:174,1
DA:174,1
BRDA:174,3,0,-
BRDA:174,3,1,1
DA:175,0
DA:175,0
DA:177,1
DA:177,1
DA:178,1
DA:178,1
DA:179,1
DA:179,1
DA:181,1
DA:181,1
FN:189,Lottery.getLotteryDuration
FNDA:1,Lottery.getLotteryDuration
DA:190,1
DA:190,1
FN:193,Lottery.getPlayer
FNDA:1,Lottery.getPlayer
DA:194,1
DA:194,1
FN:197,Lottery.getPlayersCount
FNDA:2,Lottery.getPlayersCount
DA:198,3
DA:198,3
FN:201,Lottery.getRecentWinner
FNDA:1,Lottery.getRecentWinner
DA:202,1
DA:202,1
FN:205,Lottery.getLotteryState
FNDA:4,Lottery.getLotteryState
DA:206,5
DA:206,5
FN:209,Lottery.getStartTime
FNDA:1,Lottery.getStartTime
DA:210,1
DA:210,1
FN:213,Lottery.getBalance
FNDA:0,Lottery.getBalance
DA:214,12
DA:214,12
FN:217,Lottery.getEntranceFee
FNDA:1,Lottery.getEntranceFee
DA:218,1
DA:218,1
FN:221,Lottery.getGasLane
FNDA:1,Lottery.getGasLane
DA:222,1
DA:222,1
FN:225,Lottery.getRequestConfirmations
FNDA:1,Lottery.getRequestConfirmations
DA:226,1
DA:226,1
FN:229,Lottery.getCallbackGasLimit
FNDA:1,Lottery.getCallbackGasLimit
DA:230,1
DA:230,1
FNF:16
FNH:14
LF:47
LH:37
BRF:8
BRH:7
end_of_record
TN:
SF:test/mocks/LinkToken.sol
FN:16,LinkToken.
FNDA:0,LinkToken.
DA:17,0
DA:17,0
FN:28,LinkToken.transferAndCall
FNDA:0,LinkToken.transferAndCall
DA:29,0
DA:29,0
DA:31,0
DA:31,0
DA:33,0
DA:33,0
BRDA:33,0,0,-
BRDA:33,0,1,-
DA:34,0
DA:34,0
DA:37,0
DA:37,0
FN:42,LinkToken.contractFallback
FNDA:0,LinkToken.contractFallback
DA:43,0
DA:43,0
DA:43,0
DA:44,0
DA:44,0
FN:47,LinkToken.isContract
FNDA:0,LinkToken.isContract
DA:48,0
DA:48,0
DA:50,0
DA:50,0
DA:52,0
DA:52,0
DA:52,0
FNF:4
FNH:0
LF:11
LH:0
BRF:2
BRH:0
end_of_record
