TN:
SF:script/DeployLottery.s.sol
FN:10,DeployLottery.run
FNDA:21,DeployLottery.run
DA:11,21
DA:11,21
DA:11,21
DA:12,21
DA:12,21
DA:12,21
DA:14,21
DA:14,21
BRDA:14,0,0,-
BRDA:14,0,1,21
DA:16,21
DA:16,21
DA:16,21
DA:17,21
DA:17,21
DA:23,21
DA:23,21
DA:23,21
DA:24,21
DA:24,21
DA:32,21
DA:32,21
DA:33,21
DA:33,21
DA:33,21
DA:43,21
DA:43,21
DA:44,21
DA:44,21
DA:44,21
DA:45,21
DA:45,21
DA:52,21
DA:52,21
FNF:1
FNH:1
LF:13
LH:13
BRF:2
BRH:1
end_of_record
TN:
SF:script/HelperConfig.s.sol
FN:36,HelperConfig.
FNDA:0,HelperConfig.
DA:37,0
DA:37,0
DA:38,0
DA:38,0
FN:43,HelperConfig.getConfig
FNDA:42,HelperConfig.getConfig
DA:44,42
DA:44,42
DA:44,42
FN:47,HelperConfig.getNetworkConfigByChainId
FNDA:42,HelperConfig.getNetworkConfigByChainId
DA:50,42
DA:50,42
DA:50,42
BRDA:50,0,0,-
BRDA:50,0,1,42
DA:51,0
DA:51,0
DA:53,42
DA:53,42
BRDA:53,1,0,42
BRDA:53,1,1,-
DA:54,42
DA:54,42
DA:54,42
DA:57,0
DA:57,0
FN:60,HelperConfig.getZKZyncSepoliaNetworkConfig
FNDA:0,HelperConfig.getZKZyncSepoliaNetworkConfig
FN:68,HelperConfig.getSepoliaNetworkConfig
FNDA:0,HelperConfig.getSepoliaNetworkConfig
DA:73,0
DA:73,0
DA:74,0
DA:74,0
FN:87,HelperConfig.getOrCreateAnvilEthConfig
FNDA:42,HelperConfig.getOrCreateAnvilEthConfig
DA:91,42
DA:91,42
DA:91,42
BRDA:91,2,0,21
BRDA:91,2,1,21
DA:92,21
DA:92,21
DA:94,21
DA:94,21
DA:95,21
DA:95,21
DA:95,21
DA:96,21
DA:96,21
DA:97,21
DA:97,21
DA:97,21
DA:102,21
DA:102,21
DA:104,21
DA:104,21
DA:115,21
DA:115,21
FNF:6
FNH:3
LF:19
LH:13
BRF:6
BRH:4
end_of_record
TN:
SF:script/Interactions.s.sol
FN:11,CreateSubscription.createSubscription
FNDA:21,CreateSubscription.createSubscription
DA:16,21
DA:16,21
DA:22,21
DA:22,21
DA:23,21
DA:23,21
DA:23,21
DA:25,21
DA:25,21
DA:26,21
DA:26,21
DA:27,21
DA:27,21
FN:30,CreateSubscription.createSubscriptionFromConfig
FNDA:0,CreateSubscription.createSubscriptionFromConfig
DA:31,0
DA:31,0
DA:31,0
DA:32,0
DA:32,0
DA:32,0
DA:34,0
DA:34,0
DA:34,0
FN:37,CreateSubscription.run
FNDA:0,CreateSubscription.run
DA:39,0
DA:39,0
DA:39,0
FN:46,FundSubscription.fundSubscriptionWithConfig
FNDA:0,FundSubscription.fundSubscriptionWithConfig
DA:47,0
DA:47,0
DA:47,0
DA:48,0
DA:48,0
DA:48,0
DA:50,0
DA:50,0
FN:58,FundSubscription.fundSubscriptionLocalChainId
FNDA:21,FundSubscription.fundSubscriptionLocalChainId
DA:63,21
DA:63,21
DA:64,21
DA:64,21
DA:68,21
DA:68,21
FN:71,FundSubscription.fundSubscriptionLinkToken
FNDA:0,FundSubscription.fundSubscriptionLinkToken
DA:77,0
DA:77,0
DA:78,0
DA:78,0
DA:83,0
DA:83,0
FN:86,FundSubscription.fundSubscription
FNDA:21,FundSubscription.fundSubscription
DA:92,21
DA:92,21
DA:93,21
DA:93,21
DA:94,21
DA:94,21
DA:95,21
DA:95,21
DA:97,21
DA:97,21
BRDA:97,0,0,21
BRDA:97,0,1,-
DA:98,21
DA:98,21
DA:104,0
DA:104,0
DA:112,21
DA:112,21
FN:115,FundSubscription.run
FNDA:0,FundSubscription.run
DA:116,0
DA:116,0
FN:121,AddConsumer.addConsumerUsingConfig
FNDA:0,AddConsumer.addConsumerUsingConfig
DA:124,0
DA:124,0
DA:124,0
DA:125,0
DA:125,0
DA:125,0
DA:127,0
DA:127,0
FN:135,AddConsumer.addConsumer
FNDA:21,AddConsumer.addConsumer
DA:141,21
DA:141,21
DA:146,21
DA:146,21
DA:147,21
DA:147,21
DA:148,21
DA:148,21
DA:149,21
DA:149,21
DA:150,21
DA:150,21
DA:154,21
DA:154,21
FN:157,AddConsumer.run
FNDA:0,AddConsumer.run
DA:158,0
DA:158,0
DA:158,0
DA:161,0
DA:161,0
FNF:11
FNH:4
LF:40
LH:23
BRF:2
BRH:1
end_of_record
TN:
SF:src/Lottery.sol
FN:84,Lottery.
FNDA:0,Lottery.
DA:93,0
DA:93,0
DA:94,0
DA:94,0
DA:95,0
DA:95,0
DA:96,0
DA:96,0
DA:97,0
DA:97,0
DA:98,0
DA:98,0
DA:99,0
DA:99,0
DA:100,0
DA:100,0
DA:101,0
DA:101,0
FN:104,Lottery.enterLottery
FNDA:273,Lottery.enterLottery
DA:105,273
DA:105,273
BRDA:105,0,0,1
BRDA:105,0,1,272
DA:106,1
DA:106,1
DA:109,272
DA:109,272
BRDA:109,1,0,2
BRDA:109,1,1,270
DA:110,2
DA:110,2
DA:112,270
DA:112,270
DA:114,270
DA:114,270
FN:126,Lottery.checkUpKeep
FNDA:5,Lottery.checkUpKeep
DA:129,11
DA:129,11
DA:129,11
DA:131,11
DA:131,11
DA:131,11
DA:132,11
DA:132,11
DA:132,11
DA:132,11
DA:133,11
DA:133,11
DA:133,11
DA:134,11
DA:134,11
DA:139,11
DA:139,11
FN:142,Lottery.performUpKeep
FNDA:6,Lottery.performUpKeep
DA:144,6
DA:144,6
DA:144,6
DA:145,6
DA:145,6
BRDA:145,2,0,1
BRDA:145,2,1,5
DA:146,1
DA:146,1
DA:153,5
DA:153,5
DA:155,5
DA:155,5
DA:155,5
DA:169,5
DA:169,5
FN:177,Lottery.fulfillRandomWords
FNDA:1,Lottery.fulfillRandomWords
DA:182,1
DA:182,1
DA:184,1
DA:184,1
DA:184,1
DA:185,1
DA:185,1
DA:186,1
DA:186,1
DA:187,1
DA:187,1
DA:188,1
DA:188,1
DA:189,1
DA:189,1
DA:190,1
DA:190,1
DA:190,1
DA:193,1
DA:193,1
BRDA:193,3,0,-
BRDA:193,3,1,1
DA:194,0
DA:194,0
DA:197,1
DA:197,1
FN:205,Lottery.getLotteryDuration
FNDA:1,Lottery.getLotteryDuration
DA:206,1
DA:206,1
FN:209,Lottery.getPlayer
FNDA:1,Lottery.getPlayer
DA:210,1
DA:210,1
FN:213,Lottery.getPlayersCount
FNDA:2,Lottery.getPlayersCount
DA:214,3
DA:214,3
FN:217,Lottery.getRecentWinner
FNDA:1,Lottery.getRecentWinner
DA:218,1
DA:218,1
FN:221,Lottery.getLotteryState
FNDA:4,Lottery.getLotteryState
DA:222,5
DA:222,5
FN:225,Lottery.getStartTime
FNDA:1,Lottery.getStartTime
DA:226,1
DA:226,1
FN:229,Lottery.getBalance
FNDA:0,Lottery.getBalance
DA:230,12
DA:230,12
FN:233,Lottery.getEntranceFee
FNDA:1,Lottery.getEntranceFee
DA:234,1
DA:234,1
FN:237,Lottery.getGasLane
FNDA:1,Lottery.getGasLane
DA:238,1
DA:238,1
FN:241,Lottery.getRequestConfirmations
FNDA:1,Lottery.getRequestConfirmations
DA:242,1
DA:242,1
FN:245,Lottery.getCallbackGasLimit
FNDA:1,Lottery.getCallbackGasLimit
DA:246,1
DA:246,1
FNF:16
FNH:14
LF:49
LH:39
BRF:8
BRH:7
end_of_record
TN:
SF:test/integration/Interactions.t.sol
FN:5,InteractionsTest.getBalance
FNDA:0,InteractionsTest.getBalance
DA:6,0
DA:6,0
FNF:1
FNH:0
LF:1
LH:0
BRF:0
BRH:0
end_of_record
TN:
SF:test/mocks/LinkToken.sol
FN:16,LinkToken.
FNDA:0,LinkToken.
DA:17,0
DA:17,0
FN:28,LinkToken.transferAndCall
FNDA:0,LinkToken.transferAndCall
DA:29,0
DA:29,0
DA:31,0
DA:31,0
DA:33,0
DA:33,0
BRDA:33,0,0,-
BRDA:33,0,1,-
DA:34,0
DA:34,0
DA:37,0
DA:37,0
FN:42,LinkToken.contractFallback
FNDA:0,LinkToken.contractFallback
DA:43,0
DA:43,0
DA:43,0
DA:44,0
DA:44,0
FN:47,LinkToken.isContract
FNDA:0,LinkToken.isContract
DA:48,0
DA:48,0
DA:50,0
DA:50,0
DA:52,0
DA:52,0
DA:52,0
FNF:4
FNH:0
LF:11
LH:0
BRF:2
BRH:0
end_of_record
